E:\GLFW_MINI_1\GLFW_MINI_1\GLFW_MINI_01\DEBUG\GLFW_MINI_01.EXE
E:\GLFW_MINI_1\GLFW_MINI_1\GLFW_MINI_01\DEBUG\GLFW_MINI_01.ILK
E:\GLFW_MINI_1\GLFW_MINI_1\GLFW_MINI_01\DEBUG\GLFW_MINI_01.PDB
E:\glfw_mini_1\glfw_mini_1\glfw_mini_01\glfw_mini_01\Debug\cl.command.1.tlog
E:\glfw_mini_1\glfw_mini_1\glfw_mini_01\glfw_mini_01\Debug\CL.read.1.tlog
E:\glfw_mini_1\glfw_mini_1\glfw_mini_01\glfw_mini_01\Debug\CL.write.1.tlog
E:\GLFW_MINI_1\GLFW_MINI_1\GLFW_MINI_01\GLFW_MINI_01\DEBUG\GLFW_MINI_01.EXE.EMBED.MANIFEST
E:\GLFW_MINI_1\GLFW_MINI_1\GLFW_MINI_01\GLFW_MINI_01\DEBUG\GLFW_MINI_01.EXE.EMBED.MANIFEST.RES
E:\GLFW_MINI_1\GLFW_MINI_1\GLFW_MINI_01\GLFW_MINI_01\DEBUG\GLFW_MINI_01.EXE.INTERMEDIATE.MANIFEST
E:\glfw_mini_1\glfw_mini_1\glfw_mini_01\glfw_mini_01\Debug\glfw_mini_01_manifest.rc
E:\glfw_mini_1\glfw_mini_1\glfw_mini_01\glfw_mini_01\Debug\link.11964.read.1.tlog
E:\glfw_mini_1\glfw_mini_1\glfw_mini_01\glfw_mini_01\Debug\link.11964.read.2.tlog
E:\glfw_mini_1\glfw_mini_1\glfw_mini_01\glfw_mini_01\Debug\link.11964.write.1.tlog
E:\glfw_mini_1\glfw_mini_1\glfw_mini_01\glfw_mini_01\Debug\link.11964-cvtres.read.1.tlog
E:\glfw_mini_1\glfw_mini_1\glfw_mini_01\glfw_mini_01\Debug\link.11964-cvtres.write.1.tlog
E:\glfw_mini_1\glfw_mini_1\glfw_mini_01\glfw_mini_01\Debug\link.12272.read.1.tlog
E:\glfw_mini_1\glfw_mini_1\glfw_mini_01\glfw_mini_01\Debug\link.12272.read.2.tlog
E:\glfw_mini_1\glfw_mini_1\glfw_mini_01\glfw_mini_01\Debug\link.12272.write.1.tlog
E:\glfw_mini_1\glfw_mini_1\glfw_mini_01\glfw_mini_01\Debug\link.12272-cvtres.read.1.tlog
E:\glfw_mini_1\glfw_mini_1\glfw_mini_01\glfw_mini_01\Debug\link.12272-cvtres.write.1.tlog
E:\glfw_mini_1\glfw_mini_1\glfw_mini_01\glfw_mini_01\Debug\link.9480.read.1.tlog
E:\glfw_mini_1\glfw_mini_1\glfw_mini_01\glfw_mini_01\Debug\link.9480.read.2.tlog
E:\glfw_mini_1\glfw_mini_1\glfw_mini_01\glfw_mini_01\Debug\link.9480.write.1.tlog
E:\glfw_mini_1\glfw_mini_1\glfw_mini_01\glfw_mini_01\Debug\link.9480-cvtres.read.1.tlog
E:\glfw_mini_1\glfw_mini_1\glfw_mini_01\glfw_mini_01\Debug\link.9480-cvtres.write.1.tlog
E:\glfw_mini_1\glfw_mini_1\glfw_mini_01\glfw_mini_01\Debug\link.command.1.tlog
E:\glfw_mini_1\glfw_mini_1\glfw_mini_01\glfw_mini_01\Debug\link.read.1.tlog
E:\glfw_mini_1\glfw_mini_1\glfw_mini_01\glfw_mini_01\Debug\link.read.2.tlog
E:\glfw_mini_1\glfw_mini_1\glfw_mini_01\glfw_mini_01\Debug\link.write.1.tlog
E:\glfw_mini_1\glfw_mini_1\glfw_mini_01\glfw_mini_01\Debug\link-cvtres.read.1.tlog
E:\glfw_mini_1\glfw_mini_1\glfw_mini_01\glfw_mini_01\Debug\link-cvtres.write.1.tlog
E:\GLFW_MINI_1\GLFW_MINI_1\GLFW_MINI_01\GLFW_MINI_01\DEBUG\MAIN.OBJ
E:\glfw_mini_1\glfw_mini_1\glfw_mini_01\glfw_mini_01\Debug\mt.command.1.tlog
E:\glfw_mini_1\glfw_mini_1\glfw_mini_01\glfw_mini_01\Debug\mt.read.1.tlog
E:\glfw_mini_1\glfw_mini_1\glfw_mini_01\glfw_mini_01\Debug\mt.write.1.tlog
E:\glfw_mini_1\glfw_mini_1\glfw_mini_01\glfw_mini_01\Debug\rc.command.1.tlog
E:\glfw_mini_1\glfw_mini_1\glfw_mini_01\glfw_mini_01\Debug\rc.read.1.tlog
E:\glfw_mini_1\glfw_mini_1\glfw_mini_01\glfw_mini_01\Debug\rc.write.1.tlog
E:\glfw_mini_1\glfw_mini_1\glfw_mini_01\glfw_mini_01\Debug\vc100.idb
E:\GLFW_MINI_1\GLFW_MINI_1\GLFW_MINI_01\GLFW_MINI_01\DEBUG\VC100.PDB
